{"/home/derfm53/save-agri/save-agri-backend/config/database.js": {"path":"/home/derfm53/save-agri/save-agri-backend/config/database.js","statementMap":{"0":{"start":{"line":2,"column":17},"end":{"line":2,"column":20}},"1":{"start":{"line":5,"column":0},"end":{"line":10,"column":1}},"2":{"start":{"line":6,"column":2},"end":{"line":6,"column":56}},"3":{"start":{"line":7,"column":2},"end":{"line":7,"column":39}},"4":{"start":{"line":9,"column":2},"end":{"line":9,"column":18}},"5":{"start":{"line":12,"column":0},"end":{"line":17,"column":3}},"6":{"start":{"line":19,"column":13},"end":{"line":25,"column":2}},"7":{"start":{"line":27,"column":0},"end":{"line":29,"column":3}},"8":{"start":{"line":28,"column":2},"end":{"line":28,"column":51}}},"fnMap":{"0":{"name":"(anonymous_0)","decl":{"start":{"line":27,"column":17},"end":{"line":27,"column":18}},"loc":{"start":{"line":27,"column":26},"end":{"line":29,"column":1}},"line":27}},"branchMap":{"0":{"loc":{"start":{"line":5,"column":0},"end":{"line":10,"column":1}},"type":"if","locations":[{"start":{"line":5,"column":0},"end":{"line":10,"column":1}},{"start":{"line":8,"column":7},"end":{"line":10,"column":1}}],"line":5},"1":{"loc":{"start":{"line":15,"column":12},"end":{"line":15,"column":84}},"type":"cond-expr","locations":[{"start":{"line":15,"column":46},"end":{"line":15,"column":62}},{"start":{"line":15,"column":65},"end":{"line":15,"column":84}}],"line":15},"2":{"loc":{"start":{"line":22,"column":12},"end":{"line":22,"column":84}},"type":"cond-expr","locations":[{"start":{"line":22,"column":46},"end":{"line":22,"column":62}},{"start":{"line":22,"column":65},"end":{"line":22,"column":84}}],"line":22}},"s":{"0":3,"1":3,"2":3,"3":3,"4":0,"5":3,"6":3,"7":3,"8":0},"f":{"0":0},"b":{"0":[3,0],"1":[3,0],"2":[3,0]},"_coverageSchema":"1a1c01bbd47fc00a2c39e90264f33305004495a9","hash":"7ad8161950356c0082bcda048744a0ab05638a56"}
,"/home/derfm53/save-agri/save-agri-backend/middleware/auth.js": {"path":"/home/derfm53/save-agri/save-agri-backend/middleware/auth.js","statementMap":{"0":{"start":{"line":3,"column":26},"end":{"line":29,"column":1}},"1":{"start":{"line":4,"column":21},"end":{"line":4,"column":49}},"2":{"start":{"line":6,"column":2},"end":{"line":10,"column":3}},"3":{"start":{"line":7,"column":4},"end":{"line":9,"column":7}},"4":{"start":{"line":12,"column":16},"end":{"line":12,"column":40}},"5":{"start":{"line":14,"column":2},"end":{"line":16,"column":3}},"6":{"start":{"line":15,"column":4},"end":{"line":15,"column":82}},"7":{"start":{"line":18,"column":2},"end":{"line":28,"column":5}},"8":{"start":{"line":19,"column":4},"end":{"line":24,"column":5}},"9":{"start":{"line":20,"column":6},"end":{"line":22,"column":7}},"10":{"start":{"line":21,"column":8},"end":{"line":21,"column":92}},"11":{"start":{"line":23,"column":6},"end":{"line":23,"column":65}},"12":{"start":{"line":26,"column":4},"end":{"line":26,"column":20}},"13":{"start":{"line":27,"column":4},"end":{"line":27,"column":11}}},"fnMap":{"0":{"name":"(anonymous_0)","decl":{"start":{"line":3,"column":26},"end":{"line":3,"column":27}},"loc":{"start":{"line":3,"column":46},"end":{"line":29,"column":1}},"line":3},"1":{"name":"(anonymous_1)","decl":{"start":{"line":18,"column":44},"end":{"line":18,"column":45}},"loc":{"start":{"line":18,"column":59},"end":{"line":28,"column":3}},"line":18}},"branchMap":{"0":{"loc":{"start":{"line":6,"column":2},"end":{"line":10,"column":3}},"type":"if","locations":[{"start":{"line":6,"column":2},"end":{"line":10,"column":3}},{"start":{},"end":{}}],"line":6},"1":{"loc":{"start":{"line":6,"column":6},"end":{"line":6,"column":54}},"type":"binary-expr","locations":[{"start":{"line":6,"column":6},"end":{"line":6,"column":17}},{"start":{"line":6,"column":21},"end":{"line":6,"column":54}}],"line":6},"2":{"loc":{"start":{"line":14,"column":2},"end":{"line":16,"column":3}},"type":"if","locations":[{"start":{"line":14,"column":2},"end":{"line":16,"column":3}},{"start":{},"end":{}}],"line":14},"3":{"loc":{"start":{"line":19,"column":4},"end":{"line":24,"column":5}},"type":"if","locations":[{"start":{"line":19,"column":4},"end":{"line":24,"column":5}},{"start":{},"end":{}}],"line":19},"4":{"loc":{"start":{"line":20,"column":6},"end":{"line":22,"column":7}},"type":"if","locations":[{"start":{"line":20,"column":6},"end":{"line":22,"column":7}},{"start":{},"end":{}}],"line":20}},"s":{"0":2,"1":9,"2":9,"3":2,"4":7,"5":7,"6":0,"7":7,"8":7,"9":2,"10":1,"11":1,"12":5,"13":5},"f":{"0":9,"1":7},"b":{"0":[2,7],"1":[9,7],"2":[0,7],"3":[2,5],"4":[1,1]},"_coverageSchema":"1a1c01bbd47fc00a2c39e90264f33305004495a9","hash":"3e6a58e0b7af042ff00fbcd849c970986fd10498"}
,"/home/derfm53/save-agri/save-agri-backend/routes/farmers.js": {"path":"/home/derfm53/save-agri/save-agri-backend/routes/farmers.js","statementMap":{"0":{"start":{"line":4,"column":17},"end":{"line":4,"column":20}},"1":{"start":{"line":10,"column":0},"end":{"line":10,"column":16}},"2":{"start":{"line":12,"column":15},"end":{"line":12,"column":43}},"3":{"start":{"line":13,"column":15},"end":{"line":13,"column":31}},"4":{"start":{"line":16,"column":13},"end":{"line":22,"column":2}},"5":{"start":{"line":25,"column":2},"end":{"line":28,"column":3}},"6":{"start":{"line":26,"column":4},"end":{"line":26,"column":81}},"7":{"start":{"line":27,"column":4},"end":{"line":27,"column":54}},"8":{"start":{"line":30,"column":16},"end":{"line":30,"column":78}},"9":{"start":{"line":31,"column":23},"end":{"line":31,"column":98}},"10":{"start":{"line":33,"column":2},"end":{"line":33,"column":57}},"11":{"start":{"line":35,"column":2},"end":{"line":67,"column":3}},"12":{"start":{"line":36,"column":21},"end":{"line":36,"column":46}},"13":{"start":{"line":37,"column":17},"end":{"line":37,"column":38}},"14":{"start":{"line":38,"column":4},"end":{"line":38,"column":47}},"15":{"start":{"line":40,"column":4},"end":{"line":62,"column":5}},"16":{"start":{"line":41,"column":6},"end":{"line":44,"column":8}},"17":{"start":{"line":47,"column":28},"end":{"line":47,"column":78}},"18":{"start":{"line":48,"column":26},"end":{"line":48,"column":109}},"19":{"start":{"line":50,"column":6},"end":{"line":50,"column":71}},"20":{"start":{"line":52,"column":31},"end":{"line":52,"column":55}},"21":{"start":{"line":53,"column":27},"end":{"line":53,"column":56}},"22":{"start":{"line":54,"column":6},"end":{"line":54,"column":68}},"23":{"start":{"line":56,"column":6},"end":{"line":61,"column":7}},"24":{"start":{"line":57,"column":8},"end":{"line":60,"column":10}},"25":{"start":{"line":63,"column":4},"end":{"line":63,"column":43}},"26":{"start":{"line":65,"column":4},"end":{"line":65,"column":54}},"27":{"start":{"line":66,"column":4},"end":{"line":66,"column":16}},"28":{"start":{"line":72,"column":0},"end":{"line":144,"column":3}},"29":{"start":{"line":73,"column":2},"end":{"line":73,"column":66}},"30":{"start":{"line":74,"column":2},"end":{"line":74,"column":53}},"31":{"start":{"line":75,"column":2},"end":{"line":143,"column":3}},"32":{"start":{"line":76,"column":4},"end":{"line":76,"column":61}},"33":{"start":{"line":77,"column":29},"end":{"line":77,"column":38}},"34":{"start":{"line":79,"column":4},"end":{"line":81,"column":5}},"35":{"start":{"line":80,"column":6},"end":{"line":80,"column":81}},"36":{"start":{"line":84,"column":25},"end":{"line":84,"column":119}},"37":{"start":{"line":85,"column":4},"end":{"line":85,"column":48}},"38":{"start":{"line":87,"column":30},"end":{"line":87,"column":55}},"39":{"start":{"line":88,"column":26},"end":{"line":88,"column":56}},"40":{"start":{"line":89,"column":4},"end":{"line":89,"column":53}},"41":{"start":{"line":91,"column":4},"end":{"line":93,"column":5}},"42":{"start":{"line":92,"column":6},"end":{"line":92,"column":68}},"43":{"start":{"line":95,"column":21},"end":{"line":95,"column":53}},"44":{"start":{"line":96,"column":22},"end":{"line":96,"column":54}},"45":{"start":{"line":97,"column":4},"end":{"line":97,"column":76}},"46":{"start":{"line":99,"column":27},"end":{"line":99,"column":58}},"47":{"start":{"line":100,"column":4},"end":{"line":100,"column":64}},"48":{"start":{"line":103,"column":23},"end":{"line":103,"column":53}},"49":{"start":{"line":104,"column":24},"end":{"line":104,"column":52}},"50":{"start":{"line":105,"column":4},"end":{"line":105,"column":83}},"51":{"start":{"line":108,"column":18},"end":{"line":121,"column":5}},"52":{"start":{"line":123,"column":4},"end":{"line":123,"column":55}},"53":{"start":{"line":124,"column":4},"end":{"line":124,"column":70}},"54":{"start":{"line":126,"column":21},"end":{"line":126,"column":83}},"55":{"start":{"line":127,"column":4},"end":{"line":127,"column":63}},"56":{"start":{"line":130,"column":26},"end":{"line":137,"column":7}},"57":{"start":{"line":130,"column":43},"end":{"line":137,"column":5}},"58":{"start":{"line":138,"column":4},"end":{"line":138,"column":90}},"59":{"start":{"line":139,"column":4},"end":{"line":139,"column":28}},"60":{"start":{"line":141,"column":4},"end":{"line":141,"column":67}},"61":{"start":{"line":142,"column":4},"end":{"line":142,"column":76}},"62":{"start":{"line":147,"column":0},"end":{"line":196,"column":3}},"63":{"start":{"line":148,"column":2},"end":{"line":195,"column":3}},"64":{"start":{"line":149,"column":4},"end":{"line":149,"column":74}},"65":{"start":{"line":150,"column":44},"end":{"line":150,"column":53}},"66":{"start":{"line":152,"column":4},"end":{"line":154,"column":5}},"67":{"start":{"line":153,"column":6},"end":{"line":153,"column":103}},"68":{"start":{"line":156,"column":16},"end":{"line":156,"column":36}},"69":{"start":{"line":157,"column":16},"end":{"line":157,"column":37}},"70":{"start":{"line":158,"column":27},"end":{"line":158,"column":58}},"71":{"start":{"line":160,"column":4},"end":{"line":160,"column":91}},"72":{"start":{"line":163,"column":18},"end":{"line":176,"column":5}},"73":{"start":{"line":178,"column":21},"end":{"line":178,"column":72}},"74":{"start":{"line":179,"column":4},"end":{"line":179,"column":63}},"75":{"start":{"line":182,"column":26},"end":{"line":189,"column":7}},"76":{"start":{"line":182,"column":43},"end":{"line":189,"column":5}},"77":{"start":{"line":191,"column":4},"end":{"line":191,"column":28}},"78":{"start":{"line":193,"column":4},"end":{"line":193,"column":68}},"79":{"start":{"line":194,"column":4},"end":{"line":194,"column":76}},"80":{"start":{"line":199,"column":0},"end":{"line":227,"column":3}},"81":{"start":{"line":200,"column":2},"end":{"line":226,"column":3}},"82":{"start":{"line":201,"column":19},"end":{"line":201,"column":29}},"83":{"start":{"line":202,"column":18},"end":{"line":206,"column":5}},"84":{"start":{"line":207,"column":21},"end":{"line":207,"column":50}},"85":{"start":{"line":209,"column":4},"end":{"line":211,"column":5}},"86":{"start":{"line":210,"column":6},"end":{"line":210,"column":59}},"87":{"start":{"line":214,"column":19},"end":{"line":220,"column":5}},"88":{"start":{"line":222,"column":4},"end":{"line":222,"column":21}},"89":{"start":{"line":224,"column":4},"end":{"line":224,"column":23}},"90":{"start":{"line":225,"column":4},"end":{"line":225,"column":43}},"91":{"start":{"line":230,"column":0},"end":{"line":290,"column":3}},"92":{"start":{"line":231,"column":2},"end":{"line":289,"column":3}},"93":{"start":{"line":232,"column":4},"end":{"line":232,"column":44}},"94":{"start":{"line":233,"column":75},"end":{"line":233,"column":83}},"95":{"start":{"line":234,"column":19},"end":{"line":234,"column":34}},"96":{"start":{"line":236,"column":4},"end":{"line":236,"column":99}},"97":{"start":{"line":237,"column":4},"end":{"line":237,"column":46}},"98":{"start":{"line":240,"column":22},"end":{"line":240,"column":58}},"99":{"start":{"line":241,"column":23},"end":{"line":241,"column":60}},"100":{"start":{"line":243,"column":4},"end":{"line":243,"column":72}},"101":{"start":{"line":244,"column":4},"end":{"line":244,"column":55}},"102":{"start":{"line":245,"column":4},"end":{"line":245,"column":72}},"103":{"start":{"line":247,"column":4},"end":{"line":249,"column":5}},"104":{"start":{"line":248,"column":6},"end":{"line":248,"column":78}},"105":{"start":{"line":253,"column":4},"end":{"line":259,"column":5}},"106":{"start":{"line":254,"column":6},"end":{"line":254,"column":66}},"107":{"start":{"line":255,"column":6},"end":{"line":255,"column":56}},"108":{"start":{"line":257,"column":6},"end":{"line":257,"column":45}},"109":{"start":{"line":258,"column":6},"end":{"line":258,"column":103}},"110":{"start":{"line":262,"column":18},"end":{"line":266,"column":5}},"111":{"start":{"line":267,"column":19},"end":{"line":267,"column":132}},"112":{"start":{"line":269,"column":4},"end":{"line":269,"column":62}},"113":{"start":{"line":270,"column":4},"end":{"line":270,"column":54}},"114":{"start":{"line":272,"column":21},"end":{"line":272,"column":52}},"115":{"start":{"line":274,"column":4},"end":{"line":274,"column":54}},"116":{"start":{"line":277,"column":19},"end":{"line":283,"column":5}},"117":{"start":{"line":285,"column":4},"end":{"line":285,"column":33}},"118":{"start":{"line":287,"column":4},"end":{"line":287,"column":43}},"119":{"start":{"line":288,"column":4},"end":{"line":288,"column":76}},"120":{"start":{"line":293,"column":0},"end":{"line":338,"column":3}},"121":{"start":{"line":294,"column":2},"end":{"line":337,"column":3}},"122":{"start":{"line":295,"column":19},"end":{"line":295,"column":29}},"123":{"start":{"line":296,"column":75},"end":{"line":296,"column":83}},"124":{"start":{"line":300,"column":4},"end":{"line":304,"column":5}},"125":{"start":{"line":301,"column":26},"end":{"line":301,"column":71}},"126":{"start":{"line":302,"column":6},"end":{"line":302,"column":38}},"127":{"start":{"line":303,"column":6},"end":{"line":303,"column":40}},"128":{"start":{"line":307,"column":18},"end":{"line":314,"column":5}},"129":{"start":{"line":315,"column":21},"end":{"line":318,"column":6}},"130":{"start":{"line":320,"column":4},"end":{"line":322,"column":5}},"131":{"start":{"line":321,"column":6},"end":{"line":321,"column":59}},"132":{"start":{"line":325,"column":19},"end":{"line":331,"column":5}},"133":{"start":{"line":333,"column":4},"end":{"line":333,"column":21}},"134":{"start":{"line":335,"column":4},"end":{"line":335,"column":23}},"135":{"start":{"line":336,"column":4},"end":{"line":336,"column":43}},"136":{"start":{"line":341,"column":0},"end":{"line":362,"column":3}},"137":{"start":{"line":342,"column":2},"end":{"line":361,"column":3}},"138":{"start":{"line":343,"column":19},"end":{"line":343,"column":29}},"139":{"start":{"line":346,"column":18},"end":{"line":350,"column":5}},"140":{"start":{"line":351,"column":21},"end":{"line":351,"column":50}},"141":{"start":{"line":353,"column":4},"end":{"line":355,"column":5}},"142":{"start":{"line":354,"column":6},"end":{"line":354,"column":59}},"143":{"start":{"line":357,"column":4},"end":{"line":357,"column":27}},"144":{"start":{"line":359,"column":4},"end":{"line":359,"column":23}},"145":{"start":{"line":360,"column":4},"end":{"line":360,"column":43}}},"fnMap":{"0":{"name":"geocodeAddress","decl":{"start":{"line":24,"column":15},"end":{"line":24,"column":29}},"loc":{"start":{"line":24,"column":55},"end":{"line":68,"column":1}},"line":24},"1":{"name":"(anonymous_1)","decl":{"start":{"line":72,"column":16},"end":{"line":72,"column":17}},"loc":{"start":{"line":72,"column":36},"end":{"line":144,"column":1}},"line":72},"2":{"name":"(anonymous_2)","decl":{"start":{"line":130,"column":35},"end":{"line":130,"column":36}},"loc":{"start":{"line":130,"column":43},"end":{"line":137,"column":5}},"line":130},"3":{"name":"(anonymous_3)","decl":{"start":{"line":147,"column":27},"end":{"line":147,"column":28}},"loc":{"start":{"line":147,"column":47},"end":{"line":196,"column":1}},"line":147},"4":{"name":"(anonymous_4)","decl":{"start":{"line":182,"column":35},"end":{"line":182,"column":36}},"loc":{"start":{"line":182,"column":43},"end":{"line":189,"column":5}},"line":182},"5":{"name":"(anonymous_5)","decl":{"start":{"line":199,"column":19},"end":{"line":199,"column":20}},"loc":{"start":{"line":199,"column":39},"end":{"line":227,"column":1}},"line":199},"6":{"name":"(anonymous_6)","decl":{"start":{"line":230,"column":60},"end":{"line":230,"column":61}},"loc":{"start":{"line":230,"column":80},"end":{"line":290,"column":1}},"line":230},"7":{"name":"(anonymous_7)","decl":{"start":{"line":293,"column":19},"end":{"line":293,"column":20}},"loc":{"start":{"line":293,"column":39},"end":{"line":338,"column":1}},"line":293},"8":{"name":"(anonymous_8)","decl":{"start":{"line":341,"column":22},"end":{"line":341,"column":23}},"loc":{"start":{"line":341,"column":42},"end":{"line":362,"column":1}},"line":341}},"branchMap":{"0":{"loc":{"start":{"line":21,"column":8},"end":{"line":21,"column":35}},"type":"binary-expr","locations":[{"start":{"line":21,"column":8},"end":{"line":21,"column":27}},{"start":{"line":21,"column":31},"end":{"line":21,"column":35}}],"line":21},"1":{"loc":{"start":{"line":25,"column":2},"end":{"line":28,"column":3}},"type":"if","locations":[{"start":{"line":25,"column":2},"end":{"line":28,"column":3}},{"start":{},"end":{}}],"line":25},"2":{"loc":{"start":{"line":25,"column":6},"end":{"line":25,"column":36}},"type":"binary-expr","locations":[{"start":{"line":25,"column":6},"end":{"line":25,"column":14}},{"start":{"line":25,"column":18},"end":{"line":25,"column":23}},{"start":{"line":25,"column":27},"end":{"line":25,"column":36}}],"line":25},"3":{"loc":{"start":{"line":40,"column":4},"end":{"line":62,"column":5}},"type":"if","locations":[{"start":{"line":40,"column":4},"end":{"line":62,"column":5}},{"start":{"line":45,"column":11},"end":{"line":62,"column":5}}],"line":40},"4":{"loc":{"start":{"line":56,"column":6},"end":{"line":61,"column":7}},"type":"if","locations":[{"start":{"line":56,"column":6},"end":{"line":61,"column":7}},{"start":{},"end":{}}],"line":56},"5":{"loc":{"start":{"line":79,"column":4},"end":{"line":81,"column":5}},"type":"if","locations":[{"start":{"line":79,"column":4},"end":{"line":81,"column":5}},{"start":{},"end":{}}],"line":79},"6":{"loc":{"start":{"line":91,"column":4},"end":{"line":93,"column":5}},"type":"if","locations":[{"start":{"line":91,"column":4},"end":{"line":93,"column":5}},{"start":{},"end":{}}],"line":91},"7":{"loc":{"start":{"line":99,"column":38},"end":{"line":99,"column":50}},"type":"binary-expr","locations":[{"start":{"line":99,"column":38},"end":{"line":99,"column":44}},{"start":{"line":99,"column":48},"end":{"line":99,"column":50}}],"line":99},"8":{"loc":{"start":{"line":152,"column":4},"end":{"line":154,"column":5}},"type":"if","locations":[{"start":{"line":152,"column":4},"end":{"line":154,"column":5}},{"start":{},"end":{}}],"line":152},"9":{"loc":{"start":{"line":152,"column":8},"end":{"line":152,"column":31}},"type":"binary-expr","locations":[{"start":{"line":152,"column":8},"end":{"line":152,"column":17}},{"start":{"line":152,"column":21},"end":{"line":152,"column":31}}],"line":152},"10":{"loc":{"start":{"line":158,"column":38},"end":{"line":158,"column":50}},"type":"binary-expr","locations":[{"start":{"line":158,"column":38},"end":{"line":158,"column":44}},{"start":{"line":158,"column":48},"end":{"line":158,"column":50}}],"line":158},"11":{"loc":{"start":{"line":209,"column":4},"end":{"line":211,"column":5}},"type":"if","locations":[{"start":{"line":209,"column":4},"end":{"line":211,"column":5}},{"start":{},"end":{}}],"line":209},"12":{"loc":{"start":{"line":247,"column":4},"end":{"line":249,"column":5}},"type":"if","locations":[{"start":{"line":247,"column":4},"end":{"line":249,"column":5}},{"start":{},"end":{}}],"line":247},"13":{"loc":{"start":{"line":300,"column":4},"end":{"line":304,"column":5}},"type":"if","locations":[{"start":{"line":300,"column":4},"end":{"line":304,"column":5}},{"start":{},"end":{}}],"line":300},"14":{"loc":{"start":{"line":300,"column":8},"end":{"line":300,"column":35}},"type":"binary-expr","locations":[{"start":{"line":300,"column":8},"end":{"line":300,"column":15}},{"start":{"line":300,"column":19},"end":{"line":300,"column":23}},{"start":{"line":300,"column":27},"end":{"line":300,"column":35}}],"line":300},"15":{"loc":{"start":{"line":320,"column":4},"end":{"line":322,"column":5}},"type":"if","locations":[{"start":{"line":320,"column":4},"end":{"line":322,"column":5}},{"start":{},"end":{}}],"line":320},"16":{"loc":{"start":{"line":353,"column":4},"end":{"line":355,"column":5}},"type":"if","locations":[{"start":{"line":353,"column":4},"end":{"line":355,"column":5}},{"start":{},"end":{}}],"line":353}},"s":{"0":1,"1":1,"2":1,"3":1,"4":1,"5":5,"6":0,"7":0,"8":5,"9":5,"10":5,"11":5,"12":5,"13":5,"14":5,"15":5,"16":0,"17":5,"18":5,"19":5,"20":5,"21":5,"22":5,"23":5,"24":5,"25":0,"26":0,"27":0,"28":1,"29":1,"30":1,"31":1,"32":1,"33":1,"34":1,"35":0,"36":1,"37":1,"38":1,"39":1,"40":1,"41":1,"42":0,"43":1,"44":1,"45":1,"46":1,"47":1,"48":1,"49":1,"50":1,"51":1,"52":1,"53":1,"54":1,"55":1,"56":1,"57":0,"58":1,"59":1,"60":0,"61":0,"62":1,"63":0,"64":0,"65":0,"66":0,"67":0,"68":0,"69":0,"70":0,"71":0,"72":0,"73":0,"74":0,"75":0,"76":0,"77":0,"78":0,"79":0,"80":1,"81":2,"82":2,"83":2,"84":2,"85":2,"86":1,"87":1,"88":1,"89":0,"90":0,"91":1,"92":4,"93":4,"94":4,"95":4,"96":4,"97":4,"98":4,"99":4,"100":4,"101":4,"102":4,"103":4,"104":0,"105":4,"106":4,"107":4,"108":0,"109":0,"110":4,"111":4,"112":4,"113":4,"114":4,"115":4,"116":4,"117":4,"118":0,"119":0,"120":1,"121":1,"122":1,"123":1,"124":1,"125":1,"126":1,"127":1,"128":1,"129":1,"130":1,"131":0,"132":1,"133":1,"134":0,"135":0,"136":1,"137":1,"138":1,"139":1,"140":1,"141":1,"142":0,"143":1,"144":0,"145":0},"f":{"0":5,"1":1,"2":0,"3":0,"4":0,"5":2,"6":4,"7":1,"8":1},"b":{"0":[1,0],"1":[0,5],"2":[5,5,5],"3":[0,5],"4":[5,0],"5":[0,1],"6":[0,1],"7":[1,0],"8":[0,0],"9":[0,0],"10":[0,0],"11":[1,1],"12":[0,4],"13":[1,0],"14":[1,1,1],"15":[0,1],"16":[0,1]},"_coverageSchema":"1a1c01bbd47fc00a2c39e90264f33305004495a9","hash":"738275cb52046ce8fb1a7a351f1f017f5b1d655b"}
,"/home/derfm53/save-agri/save-agri-backend/routes/users.js": {"path":"/home/derfm53/save-agri/save-agri-backend/routes/users.js","statementMap":{"0":{"start":{"line":4,"column":17},"end":{"line":4,"column":20}},"1":{"start":{"line":10,"column":21},"end":{"line":18,"column":2}},"2":{"start":{"line":20,"column":25},"end":{"line":36,"column":1}},"3":{"start":{"line":26,"column":24},"end":{"line":26,"column":94}},"4":{"start":{"line":28,"column":2},"end":{"line":33,"column":3}},"5":{"start":{"line":29,"column":4},"end":{"line":32,"column":6}},"6":{"start":{"line":35,"column":2},"end":{"line":35,"column":27}},"7":{"start":{"line":38,"column":25},"end":{"line":56,"column":1}},"8":{"start":{"line":39,"column":40},"end":{"line":39,"column":48}},"9":{"start":{"line":41,"column":2},"end":{"line":43,"column":3}},"10":{"start":{"line":42,"column":4},"end":{"line":42,"column":70}},"11":{"start":{"line":45,"column":29},"end":{"line":45,"column":55}},"12":{"start":{"line":46,"column":2},"end":{"line":48,"column":3}},"13":{"start":{"line":47,"column":4},"end":{"line":47,"column":38}},"14":{"start":{"line":50,"column":21},"end":{"line":50,"column":49}},"15":{"start":{"line":51,"column":2},"end":{"line":53,"column":3}},"16":{"start":{"line":52,"column":4},"end":{"line":52,"column":46}},"17":{"start":{"line":55,"column":2},"end":{"line":55,"column":14}},"18":{"start":{"line":58,"column":0},"end":{"line":58,"column":16}},"19":{"start":{"line":60,"column":15},"end":{"line":60,"column":31}},"20":{"start":{"line":63,"column":13},"end":{"line":69,"column":2}},"21":{"start":{"line":73,"column":0},"end":{"line":111,"column":3}},"22":{"start":{"line":74,"column":2},"end":{"line":110,"column":3}},"23":{"start":{"line":75,"column":42},"end":{"line":75,"column":50}},"24":{"start":{"line":78,"column":28},"end":{"line":78,"column":75}},"25":{"start":{"line":79,"column":4},"end":{"line":81,"column":5}},"26":{"start":{"line":80,"column":6},"end":{"line":80,"column":64}},"27":{"start":{"line":84,"column":27},"end":{"line":84,"column":83}},"28":{"start":{"line":85,"column":25},"end":{"line":85,"column":76}},"29":{"start":{"line":87,"column":4},"end":{"line":89,"column":5}},"30":{"start":{"line":88,"column":6},"end":{"line":88,"column":76}},"31":{"start":{"line":92,"column":27},"end":{"line":92,"column":58}},"32":{"start":{"line":95,"column":18},"end":{"line":99,"column":5}},"33":{"start":{"line":100,"column":21},"end":{"line":100,"column":79}},"34":{"start":{"line":103,"column":18},"end":{"line":103,"column":95}},"35":{"start":{"line":106,"column":4},"end":{"line":106,"column":51}},"36":{"start":{"line":108,"column":4},"end":{"line":108,"column":58}},"37":{"start":{"line":109,"column":4},"end":{"line":109,"column":43}},"38":{"start":{"line":114,"column":0},"end":{"line":158,"column":3}},"39":{"start":{"line":115,"column":2},"end":{"line":157,"column":3}},"40":{"start":{"line":116,"column":35},"end":{"line":116,"column":43}},"41":{"start":{"line":119,"column":4},"end":{"line":121,"column":5}},"42":{"start":{"line":120,"column":6},"end":{"line":120,"column":68}},"43":{"start":{"line":124,"column":4},"end":{"line":126,"column":5}},"44":{"start":{"line":125,"column":6},"end":{"line":125,"column":68}},"45":{"start":{"line":129,"column":18},"end":{"line":133,"column":5}},"46":{"start":{"line":134,"column":21},"end":{"line":134,"column":56}},"47":{"start":{"line":137,"column":4},"end":{"line":139,"column":5}},"48":{"start":{"line":138,"column":6},"end":{"line":138,"column":73}},"49":{"start":{"line":141,"column":18},"end":{"line":148,"column":5}},"50":{"start":{"line":150,"column":4},"end":{"line":153,"column":7}},"51":{"start":{"line":155,"column":4},"end":{"line":155,"column":47}},"52":{"start":{"line":156,"column":4},"end":{"line":156,"column":56}},"53":{"start":{"line":161,"column":0},"end":{"line":161,"column":35}}},"fnMap":{"0":{"name":"(anonymous_0)","decl":{"start":{"line":20,"column":25},"end":{"line":20,"column":26}},"loc":{"start":{"line":20,"column":39},"end":{"line":36,"column":1}},"line":20},"1":{"name":"(anonymous_1)","decl":{"start":{"line":38,"column":25},"end":{"line":38,"column":26}},"loc":{"start":{"line":38,"column":39},"end":{"line":56,"column":1}},"line":38},"2":{"name":"(anonymous_2)","decl":{"start":{"line":73,"column":17},"end":{"line":73,"column":18}},"loc":{"start":{"line":73,"column":37},"end":{"line":111,"column":1}},"line":73},"3":{"name":"(anonymous_3)","decl":{"start":{"line":114,"column":36},"end":{"line":114,"column":37}},"loc":{"start":{"line":114,"column":56},"end":{"line":158,"column":1}},"line":114}},"branchMap":{"0":{"loc":{"start":{"line":28,"column":2},"end":{"line":33,"column":3}},"type":"if","locations":[{"start":{"line":28,"column":2},"end":{"line":33,"column":3}},{"start":{},"end":{}}],"line":28},"1":{"loc":{"start":{"line":41,"column":2},"end":{"line":43,"column":3}},"type":"if","locations":[{"start":{"line":41,"column":2},"end":{"line":43,"column":3}},{"start":{},"end":{}}],"line":41},"2":{"loc":{"start":{"line":41,"column":6},"end":{"line":41,"column":38}},"type":"binary-expr","locations":[{"start":{"line":41,"column":6},"end":{"line":41,"column":15}},{"start":{"line":41,"column":19},"end":{"line":41,"column":38}}],"line":41},"3":{"loc":{"start":{"line":46,"column":2},"end":{"line":48,"column":3}},"type":"if","locations":[{"start":{"line":46,"column":2},"end":{"line":48,"column":3}},{"start":{},"end":{}}],"line":46},"4":{"loc":{"start":{"line":51,"column":2},"end":{"line":53,"column":3}},"type":"if","locations":[{"start":{"line":51,"column":2},"end":{"line":53,"column":3}},{"start":{},"end":{}}],"line":51},"5":{"loc":{"start":{"line":51,"column":6},"end":{"line":51,"column":39}},"type":"binary-expr","locations":[{"start":{"line":51,"column":6},"end":{"line":51,"column":12}},{"start":{"line":51,"column":16},"end":{"line":51,"column":39}}],"line":51},"6":{"loc":{"start":{"line":68,"column":8},"end":{"line":68,"column":35}},"type":"binary-expr","locations":[{"start":{"line":68,"column":8},"end":{"line":68,"column":27}},{"start":{"line":68,"column":31},"end":{"line":68,"column":35}}],"line":68},"7":{"loc":{"start":{"line":79,"column":4},"end":{"line":81,"column":5}},"type":"if","locations":[{"start":{"line":79,"column":4},"end":{"line":81,"column":5}},{"start":{},"end":{}}],"line":79},"8":{"loc":{"start":{"line":87,"column":4},"end":{"line":89,"column":5}},"type":"if","locations":[{"start":{"line":87,"column":4},"end":{"line":89,"column":5}},{"start":{},"end":{}}],"line":87},"9":{"loc":{"start":{"line":119,"column":4},"end":{"line":121,"column":5}},"type":"if","locations":[{"start":{"line":119,"column":4},"end":{"line":121,"column":5}},{"start":{},"end":{}}],"line":119},"10":{"loc":{"start":{"line":119,"column":8},"end":{"line":119,"column":94}},"type":"binary-expr","locations":[{"start":{"line":119,"column":8},"end":{"line":119,"column":17}},{"start":{"line":119,"column":21},"end":{"line":119,"column":30}},{"start":{"line":119,"column":34},"end":{"line":119,"column":62}},{"start":{"line":119,"column":66},"end":{"line":119,"column":94}}],"line":119},"11":{"loc":{"start":{"line":124,"column":4},"end":{"line":126,"column":5}},"type":"if","locations":[{"start":{"line":124,"column":4},"end":{"line":126,"column":5}},{"start":{},"end":{}}],"line":124},"12":{"loc":{"start":{"line":124,"column":8},"end":{"line":124,"column":53}},"type":"binary-expr","locations":[{"start":{"line":124,"column":8},"end":{"line":124,"column":28}},{"start":{"line":124,"column":32},"end":{"line":124,"column":53}}],"line":124},"13":{"loc":{"start":{"line":137,"column":4},"end":{"line":139,"column":5}},"type":"if","locations":[{"start":{"line":137,"column":4},"end":{"line":139,"column":5}},{"start":{},"end":{}}],"line":137},"14":{"loc":{"start":{"line":137,"column":8},"end":{"line":137,"column":78}},"type":"binary-expr","locations":[{"start":{"line":137,"column":8},"end":{"line":137,"column":25}},{"start":{"line":137,"column":29},"end":{"line":137,"column":78}}],"line":137}},"s":{"0":2,"1":2,"2":2,"3":0,"4":0,"5":0,"6":0,"7":2,"8":0,"9":0,"10":0,"11":0,"12":0,"13":0,"14":0,"15":0,"16":0,"17":0,"18":2,"19":2,"20":2,"21":2,"22":0,"23":0,"24":0,"25":0,"26":0,"27":0,"28":0,"29":0,"30":0,"31":0,"32":0,"33":0,"34":0,"35":0,"36":0,"37":0,"38":2,"39":7,"40":7,"41":7,"42":0,"43":7,"44":0,"45":7,"46":7,"47":7,"48":5,"49":2,"50":2,"51":0,"52":0,"53":2},"f":{"0":0,"1":0,"2":0,"3":7},"b":{"0":[0,0],"1":[0,0],"2":[0,0],"3":[0,0],"4":[0,0],"5":[0,0],"6":[2,0],"7":[0,0],"8":[0,0],"9":[0,7],"10":[7,7,7,7],"11":[0,7],"12":[7,7],"13":[5,2],"14":[7,2]},"_coverageSchema":"1a1c01bbd47fc00a2c39e90264f33305004495a9","hash":"eacae47c2099c654789370892cdc837351c25e48"}
}
