TN:
SF:config/database.js
FN:27,(anonymous_0)
FNF:1
FNH:0
FNDA:0,(anonymous_0)
DA:2,3
DA:5,3
DA:6,3
DA:7,3
DA:9,0
DA:12,3
DA:19,3
DA:27,3
DA:28,0
LF:9
LH:7
BRDA:5,0,0,3
BRDA:5,0,1,0
BRDA:15,1,0,3
BRDA:15,1,1,0
BRDA:22,2,0,3
BRDA:22,2,1,0
BRF:6
BRH:3
end_of_record
TN:
SF:middleware/auth.js
FN:3,(anonymous_0)
FN:18,(anonymous_1)
FNF:2
FNH:2
FNDA:9,(anonymous_0)
FNDA:7,(anonymous_1)
DA:3,2
DA:4,9
DA:6,9
DA:7,2
DA:12,7
DA:14,7
DA:15,0
DA:18,7
DA:19,7
DA:20,2
DA:21,1
DA:23,1
DA:26,5
DA:27,5
LF:14
LH:13
BRDA:6,0,0,2
BRDA:6,0,1,7
BRDA:6,1,0,9
BRDA:6,1,1,7
BRDA:14,2,0,0
BRDA:14,2,1,7
BRDA:19,3,0,2
BRDA:19,3,1,5
BRDA:20,4,0,1
BRDA:20,4,1,1
BRF:10
BRH:9
end_of_record
TN:
SF:routes/farmers.js
FN:24,geocodeAddress
FN:72,(anonymous_1)
FN:130,(anonymous_2)
FN:147,(anonymous_3)
FN:182,(anonymous_4)
FN:199,(anonymous_5)
FN:230,(anonymous_6)
FN:293,(anonymous_7)
FN:341,(anonymous_8)
FNF:9
FNH:6
FNDA:5,geocodeAddress
FNDA:1,(anonymous_1)
FNDA:0,(anonymous_2)
FNDA:0,(anonymous_3)
FNDA:0,(anonymous_4)
FNDA:2,(anonymous_5)
FNDA:4,(anonymous_6)
FNDA:1,(anonymous_7)
FNDA:1,(anonymous_8)
DA:4,1
DA:10,1
DA:12,1
DA:13,1
DA:16,1
DA:25,5
DA:26,0
DA:27,0
DA:30,5
DA:31,5
DA:33,5
DA:35,5
DA:36,5
DA:37,5
DA:38,5
DA:40,5
DA:41,0
DA:47,5
DA:48,5
DA:50,5
DA:52,5
DA:53,5
DA:54,5
DA:56,5
DA:57,5
DA:63,0
DA:65,0
DA:66,0
DA:72,1
DA:73,1
DA:74,1
DA:75,1
DA:76,1
DA:77,1
DA:79,1
DA:80,0
DA:84,1
DA:85,1
DA:87,1
DA:88,1
DA:89,1
DA:91,1
DA:92,0
DA:95,1
DA:96,1
DA:97,1
DA:99,1
DA:100,1
DA:103,1
DA:104,1
DA:105,1
DA:108,1
DA:123,1
DA:124,1
DA:126,1
DA:127,1
DA:130,1
DA:138,1
DA:139,1
DA:141,0
DA:142,0
DA:147,1
DA:148,0
DA:149,0
DA:150,0
DA:152,0
DA:153,0
DA:156,0
DA:157,0
DA:158,0
DA:160,0
DA:163,0
DA:178,0
DA:179,0
DA:182,0
DA:191,0
DA:193,0
DA:194,0
DA:199,1
DA:200,2
DA:201,2
DA:202,2
DA:207,2
DA:209,2
DA:210,1
DA:214,1
DA:222,1
DA:224,0
DA:225,0
DA:230,1
DA:231,4
DA:232,4
DA:233,4
DA:234,4
DA:236,4
DA:237,4
DA:240,4
DA:241,4
DA:243,4
DA:244,4
DA:245,4
DA:247,4
DA:248,0
DA:253,4
DA:254,4
DA:255,4
DA:257,0
DA:258,0
DA:262,4
DA:267,4
DA:269,4
DA:270,4
DA:272,4
DA:274,4
DA:277,4
DA:285,4
DA:287,0
DA:288,0
DA:293,1
DA:294,1
DA:295,1
DA:296,1
DA:300,1
DA:301,1
DA:302,1
DA:303,1
DA:307,1
DA:315,1
DA:320,1
DA:321,0
DA:325,1
DA:333,1
DA:335,0
DA:336,0
DA:341,1
DA:342,1
DA:343,1
DA:346,1
DA:351,1
DA:353,1
DA:354,0
DA:357,1
DA:359,0
DA:360,0
LF:144
LH:105
BRDA:21,0,0,1
BRDA:21,0,1,0
BRDA:25,1,0,0
BRDA:25,1,1,5
BRDA:25,2,0,5
BRDA:25,2,1,5
BRDA:25,2,2,5
BRDA:40,3,0,0
BRDA:40,3,1,5
BRDA:56,4,0,5
BRDA:56,4,1,0
BRDA:79,5,0,0
BRDA:79,5,1,1
BRDA:91,6,0,0
BRDA:91,6,1,1
BRDA:99,7,0,1
BRDA:99,7,1,0
BRDA:152,8,0,0
BRDA:152,8,1,0
BRDA:152,9,0,0
BRDA:152,9,1,0
BRDA:158,10,0,0
BRDA:158,10,1,0
BRDA:209,11,0,1
BRDA:209,11,1,1
BRDA:247,12,0,0
BRDA:247,12,1,4
BRDA:300,13,0,1
BRDA:300,13,1,0
BRDA:300,14,0,1
BRDA:300,14,1,1
BRDA:300,14,2,1
BRDA:320,15,0,0
BRDA:320,15,1,1
BRDA:353,16,0,0
BRDA:353,16,1,1
BRF:36
BRH:19
end_of_record
TN:
SF:routes/users.js
FN:20,(anonymous_0)
FN:38,(anonymous_1)
FN:81,(anonymous_2)
FN:130,(anonymous_3)
FNF:4
FNH:4
FNDA:8,(anonymous_0)
FNDA:6,(anonymous_1)
FNDA:5,(anonymous_2)
FNDA:7,(anonymous_3)
DA:4,2
DA:10,2
DA:20,2
DA:26,8
DA:28,8
DA:29,2
DA:35,6
DA:38,2
DA:39,6
DA:42,6
DA:43,0
DA:50,6
DA:51,6
DA:52,1
DA:56,5
DA:57,5
DA:58,1
DA:64,4
DA:67,2
DA:69,2
DA:72,2
DA:81,2
DA:82,5
DA:83,5
DA:84,5
DA:87,5
DA:88,5
DA:89,2
DA:93,3
DA:94,3
DA:95,3
DA:97,3
DA:98,1
DA:99,1
DA:102,2
DA:103,2
DA:108,2
DA:110,2
DA:119,2
DA:124,0
DA:125,0
DA:130,2
DA:131,7
DA:132,7
DA:135,7
DA:136,0
DA:140,7
DA:141,0
DA:145,7
DA:150,7
DA:153,7
DA:154,5
DA:157,2
DA:166,2
DA:171,0
DA:172,0
DA:177,2
LF:57
LH:50
BRDA:28,0,0,2
BRDA:28,0,1,6
BRDA:42,1,0,0
BRDA:42,1,1,6
BRDA:42,2,0,6
BRDA:42,2,1,6
BRDA:51,3,0,1
BRDA:51,3,1,5
BRDA:57,4,0,1
BRDA:57,4,1,4
BRDA:57,5,0,5
BRDA:57,5,1,5
BRDA:77,6,0,2
BRDA:77,6,1,0
BRDA:88,7,0,2
BRDA:88,7,1,3
BRDA:97,8,0,1
BRDA:97,8,1,2
BRDA:135,9,0,0
BRDA:135,9,1,7
BRDA:135,10,0,7
BRDA:135,10,1,7
BRDA:135,10,2,7
BRDA:135,10,3,7
BRDA:140,11,0,0
BRDA:140,11,1,7
BRDA:140,12,0,7
BRDA:140,12,1,7
BRDA:153,13,0,5
BRDA:153,13,1,2
BRDA:153,14,0,7
BRDA:153,14,1,2
BRF:32
BRH:28
end_of_record
